
 Log information for the data set scen1_3.dat >>

 alpha = 0.05 sepVal = 0.01

 Number of clusters >> 3

 cluster sizes >>
186 101 101

 Number of data points >> 388

 Number of dimensions >> 2

 Number of noisy dimensions >> 0

 noisy variables >>
0

 Number of outliers >> 0

 initial eigenvalues for each cluster >> 
 (rows correspond to clusters)
1.692 6.727
2.471 1.257
1.329 2.526

 Mean vectors and covariance matrices before rotation --- 1th cluster >>

 mean vector (mu'=Q*mu)>>
-3.623 0

 covariance matrix (Sigma'=Q*Sigma*t(Q))>>

5.521 -2.149
-2.149 2.897

 Mean vectors and covariance matrices before rotation --- 2th cluster >>

 mean vector (mu'=Q*mu)>>
3.623 0

 covariance matrix (Sigma'=Q*Sigma*t(Q))>>

1.752 0.597
0.597 1.976

 Mean vectors and covariance matrices before rotation --- 3th cluster >>

 mean vector (mu'=Q*mu)>>
0 6.276

 covariance matrix (Sigma'=Q*Sigma*t(Q))>>

7.156 -1.128
-1.128 4.373

 Final eigenvalues for each cluster >> 
 (rows correspond to clusters)
6.727 1.692
2.471 1.257
7.555 3.973

 *************************************************

 ********************* rotation ******************

 *************************************************


 The orthogonal matrix Q >>
0.771 0.637
0.637 -0.771

 Mean vectors and covariance matrices after rotation --- 1th cluster >>

 mean vector (mu'=Q*mu)>>
-2.792 -2.309

 covariance matrix (Sigma'=Q*Sigma*t(Q))>>

2.344 1.691
1.691 6.074

 Mean vectors and covariance matrices after rotation --- 2th cluster >>

 mean vector (mu'=Q*mu)>>
2.792 2.309

 covariance matrix (Sigma'=Q*Sigma*t(Q))>>

2.429 -0.222
-0.222 1.299

 Mean vectors and covariance matrices after rotation --- 3th cluster >>

 mean vector (mu'=Q*mu)>>
4 -4.836

 covariance matrix (Sigma'=Q*Sigma*t(Q))>>

4.918 1.578
1.578 6.611

 Final eigenvalues for each cluster >> 
 (rows correspond to clusters)
6.727 1.692
2.471 1.257
7.555 3.973

 theoretical Separation index matrix >>

-1 0.01 0.054
0.01 -1 0.01
0.054 0.01 -1

 theoretical projection directions >>

**** cluster 1 and 2
0.887 0.462

**** cluster 1 and 3
0.922 -0.387

**** cluster 2 and 3
0.263 -0.965

 empirical Separation index matrix (alpha= 0.05 )>>

-1 0.014 0.088
0.014 -1 0.068
0.088 0.068 -1

 empirical projection directions >>

**** cluster 1 and 2
0.84 0.543

**** cluster 1 and 3
0.939 -0.343

**** cluster 2 and 3
0.173 -0.985
