
 Log information for the data set scen1_2.dat >>

 alpha = 0.05 sepVal = 0.01

 Number of clusters >> 3

 cluster sizes >>
112 128 135

 Number of data points >> 375

 Number of dimensions >> 2

 Number of noisy dimensions >> 0

 noisy variables >>
0

 Number of outliers >> 0

 initial eigenvalues for each cluster >> 
 (rows correspond to clusters)
8.774 6.966
6.869 4.406
1.399 6.568

 Mean vectors and covariance matrices before rotation --- 1th cluster >>

 mean vector (mu'=Q*mu)>>
-5.149 0

 covariance matrix (Sigma'=Q*Sigma*t(Q))>>

7.224 0.632
0.632 8.516

 Mean vectors and covariance matrices before rotation --- 2th cluster >>

 mean vector (mu'=Q*mu)>>
5.149 0

 covariance matrix (Sigma'=Q*Sigma*t(Q))>>

6.273 1.055
1.055 5.003

 Mean vectors and covariance matrices before rotation --- 3th cluster >>

 mean vector (mu'=Q*mu)>>
0 8.918

 covariance matrix (Sigma'=Q*Sigma*t(Q))>>

9.534 -4.477
-4.477 5.563

 Final eigenvalues for each cluster >> 
 (rows correspond to clusters)
8.774 6.966
6.869 4.406
12.446 2.652

 *************************************************

 ********************* rotation ******************

 *************************************************


 The orthogonal matrix Q >>
0.579 0.815
0.815 -0.579

 Mean vectors and covariance matrices after rotation --- 1th cluster >>

 mean vector (mu'=Q*mu)>>
-4.198 -2.981

 covariance matrix (Sigma'=Q*Sigma*t(Q))>>

7.06 -0.402
-0.402 8.679

 Mean vectors and covariance matrices after rotation --- 2th cluster >>

 mean vector (mu'=Q*mu)>>
4.198 2.981

 covariance matrix (Sigma'=Q*Sigma*t(Q))>>

4.85 0.947
0.947 6.425

 Mean vectors and covariance matrices after rotation --- 3th cluster >>

 mean vector (mu'=Q*mu)>>
-5.164 7.271

 covariance matrix (Sigma'=Q*Sigma*t(Q))>>

12.43 0.4
0.4 2.668

 Final eigenvalues for each cluster >> 
 (rows correspond to clusters)
8.774 6.966
6.869 4.406
12.446 2.652

 theoretical Separation index matrix >>

-1 0.01 0.068
0.01 -1 0.01
0.068 0.01 -1

 theoretical projection directions >>

**** cluster 1 and 2
0.882 0.471

**** cluster 1 and 3
-0.054 0.999

**** cluster 2 and 3
-0.756 0.655

 empirical Separation index matrix (alpha= 0.05 )>>

-1 -0.016 0.046
-0.016 -1 0.037
0.046 0.037 -1

 empirical projection directions >>

**** cluster 1 and 2
0.908 0.42

**** cluster 1 and 3
-0.116 0.993

**** cluster 2 and 3
-0.637 0.771
