Theoretical separation information data frame>>>>>>>>>>>

cluster nearestClust nearestSep farthestClust farthestSep medianSep fileName
1	2	0.01	3	0.01	0.01	scen1_1
2	1	0.01	3	0.117	0.063	scen1_1
3	1	0.01	2	0.117	0.063	scen1_1
1	2	0.01	3	0.068	0.039	scen1_2
2	3	0.01	1	0.01	0.01	scen1_2
3	2	0.01	1	0.068	0.039	scen1_2
1	3	0.01	2	0.074	0.042	scen1_3
2	3	0.01	1	0.074	0.042	scen1_3
3	2	0.01	1	0.01	0.01	scen1_3

Empirical separation information data frame>>>>>>>>>>>

cluster nearestClust nearestSep farthestClust farthestSep medianSep fileName
1	2	0.029	3	0.041	0.035	scen1_1
2	1	0.029	3	0.14	0.085	scen1_1
3	1	0.041	2	0.14	0.091	scen1_1
1	2	-0.016	3	0.046	0.015	scen1_2
2	1	-0.016	3	0.037	0.011	scen1_2
3	2	0.037	1	0.046	0.042	scen1_2
1	3	0.005	2	0.125	0.065	scen1_3
2	3	0.01	1	0.125	0.067	scen1_3
3	1	0.005	2	0.01	0.007	scen1_3
